<?xml version="1.0" encoding="UTF-8"?>
<testsuite xmlns:xsi="http://www.w3.org/2001/XMLSchema-instance" xsi:noNamespaceSchemaLocation="https://maven.apache.org/surefire/maven-surefire-plugin/xsd/surefire-test-report.xsd" name="TestSuite" time="14.734" tests="7" errors="0" skipped="0" failures="0">
  <properties>
[...]
</properties>
  <testcase name="test_http_with_client_certs on test_http_with_client_certs(com.epam.certs.tests.clientCertsTests)" classname="com.epam.certs.tests.clientCertsTests" time="2.475"/>
  <testcase name="testJsonSchemaData on testJsonSchemaData(com.epam.pet.tests.petSchemaTests)" classname="com.epam.pet.tests.petSchemaTests" time="1.588"/>
  <testcase name="test_UploadPhoto on test_UploadPhoto(com.epam.pet.tests.petTests)" classname="com.epam.pet.tests.petTests" time="1.556"/>
  <testcase name="test_Complex_POJO on test_Complex_POJO(com.epam.pet.tests.petTests)" classname="com.epam.pet.tests.petTests" time="0.053"/>
  <testcase name="test_Serialization_Deserialization on test_Serialization_Deserialization(com.epam.pet.tests.petTests)" classname="com.epam.pet.tests.petTests" time="1.198"/>
  <testcase name="test_Chaining on test_Chaining(com.epam.pet.tests.petTests)" classname="com.epam.pet.tests.petTests" time="5.942"/>
  <testcase name="test_FindByStatus on test_FindByStatus(com.epam.pet.tests.petTests)" classname="com.epam.pet.tests.petTests" time="1.536"/>
</testsuite>