<?xml version="1.0" encoding="UTF-8"?>
<!-- Generated by org.testng.reporters.JUnitXMLReporter -->
<testsuite ignored="0" hostname="EPINGUGW0218" failures="0" tests="7" name="Surefire test" time="14.395" errors="0" timestamp="2024-05-26T17:17:13 IST">
  <testcase classname="com.epam.certs.tests.clientCertsTests" name="test_http_with_client_certs on test_http_with_client_certs(com.epam.certs.tests.clientCertsTests)" time="2.491"/>
  <testcase classname="com.epam.pet.tests.petSchemaTests" name="testJsonSchemaData on testJsonSchemaData(com.epam.pet.tests.petSchemaTests)" time="1.604"/>
  <testcase classname="com.epam.pet.tests.petTests" name="test_UploadPhoto on test_UploadPhoto(com.epam.pet.tests.petTests)" time="1.556"/>
  <testcase classname="com.epam.pet.tests.petTests" name="test_Complex_POJO on test_Complex_POJO(com.epam.pet.tests.petTests)" time="1.609"/>
  <testcase classname="com.epam.pet.tests.petTests" name="test_Serialization_Deserialization on test_Serialization_Deserialization(com.epam.pet.tests.petTests)" time="2.807"/>
  <testcase classname="com.epam.pet.tests.petTests" name="test_Chaining on test_Chaining(com.epam.pet.tests.petTests)" time="8.749"/>
  <testcase classname="com.epam.pet.tests.petTests" name="test_FindByStatus on test_FindByStatus(com.epam.pet.tests.petTests)" time="10.285"/>
</testsuite> <!-- Surefire test -->
